c:\image campus\segundo año\programacion de graficos 2\gameengine-prgr\practica1-prgr2\enginedll\debug\vc141.pdb
c:\image campus\segundo año\programacion de graficos 2\gameengine-prgr\practica1-prgr2\enginedll\debug\vc141.idb
c:\image campus\segundo año\programacion de graficos 2\gameengine-prgr\practica1-prgr2\enginedll\debug\entity.obj
c:\image campus\segundo año\programacion de graficos 2\gameengine-prgr\practica1-prgr2\enginedll\debug\gamebase.obj
c:\image campus\segundo año\programacion de graficos 2\gameengine-prgr\practica1-prgr2\enginedll\debug\material.obj
c:\image campus\segundo año\programacion de graficos 2\gameengine-prgr\practica1-prgr2\enginedll\debug\renderer.obj
c:\image campus\segundo año\programacion de graficos 2\gameengine-prgr\practica1-prgr2\enginedll\debug\triangle.obj
c:\image campus\segundo año\programacion de graficos 2\gameengine-prgr\practica1-prgr2\enginedll\debug\window.obj
c:\image campus\segundo año\programacion de graficos 2\gameengine-prgr\practica1-prgr2\debug\enginedll.lib
c:\image campus\segundo año\programacion de graficos 2\gameengine-prgr\practica1-prgr2\debug\enginedll.exp
c:\image campus\segundo año\programacion de graficos 2\gameengine-prgr\practica1-prgr2\debug\enginedll.dll
c:\image campus\segundo año\programacion de graficos 2\gameengine-prgr\practica1-prgr2\debug\enginedll.ilk
c:\image campus\segundo año\programacion de graficos 2\gameengine-prgr\practica1-prgr2\debug\enginedll.pdb
c:\image campus\segundo año\programacion de graficos 2\gameengine-prgr\practica1-prgr2\enginedll\debug\enginedll.tlog\cl.command.1.tlog
c:\image campus\segundo año\programacion de graficos 2\gameengine-prgr\practica1-prgr2\enginedll\debug\enginedll.tlog\cl.read.1.tlog
c:\image campus\segundo año\programacion de graficos 2\gameengine-prgr\practica1-prgr2\enginedll\debug\enginedll.tlog\cl.write.1.tlog
c:\image campus\segundo año\programacion de graficos 2\gameengine-prgr\practica1-prgr2\enginedll\debug\enginedll.tlog\enginedll.write.1u.tlog
c:\image campus\segundo año\programacion de graficos 2\gameengine-prgr\practica1-prgr2\enginedll\debug\enginedll.tlog\link.command.1.tlog
c:\image campus\segundo año\programacion de graficos 2\gameengine-prgr\practica1-prgr2\enginedll\debug\enginedll.tlog\link.read.1.tlog
c:\image campus\segundo año\programacion de graficos 2\gameengine-prgr\practica1-prgr2\enginedll\debug\enginedll.tlog\link.write.1.tlog
